# JRE version: OpenJDK Runtime Environment (15.0.2+7) (build 15.0.2+7-27)
# Java VM: OpenJDK 64-Bit Server VM (15.0.2+7-27, mixed mode, tiered, compressed oops, g1 gc, windows-amd64)
GC Precious Log:
 CPUs: 8 total, 8 available
 Memory: 8042M
 Large Page Support: Disabled
 NUMA Support: Disabled
 Compressed Oops: Enabled (32-bit)
 Heap Region Size: 1M
 Heap Min Capacity: 8M
 Heap Initial Capacity: 126M
 Heap Max Capacity: 2012M
 Pre-touch: Disabled
 Parallel Workers: 8
 Concurrent Workers: 2
 Concurrent Refinement Workers: 8
 Periodic GC: Disabled
Heap:
 garbage-first heap   total 643072K, used 152572K [0x0000000082400000, 0x0000000100000000)
  region size 1024K, 1 young (1024K), 1 survivors (1024K)
 Metaspace       used 7920K, capacity 8045K, committed 8192K, reserved 1056768K
  class space    used 673K, capacity 717K, committed 768K, reserved 1048576K
GC Heap History (20 events):
Event: 0.522 GC heap after
{Heap after GC invocations=12 (full 0):
 garbage-first heap   total 155648K, used 72694K [0x0000000082400000, 0x0000000100000000)
  region size 1024K, 1 young (1024K), 1 survivors (1024K)
 Metaspace       used 7920K, capacity 8045K, committed 8192K, reserved 1056768K
  class space    used 673K, capacity 717K, committed 768K, reserved 1048576K
}
Event: 0.529 GC heap before
{Heap before GC invocations=13 (full 0):
 garbage-first heap   total 155648K, used 75766K [0x0000000082400000, 0x0000000100000000)
  region size 1024K, 3 young (3072K), 1 survivors (1024K)
 Metaspace       used 7920K, capacity 8045K, committed 8192K, reserved 1056768K
  class space    used 673K, capacity 717K, committed 768K, reserved 1048576K
}
Event: 0.531 GC heap after
{Heap after GC invocations=14 (full 0):
 garbage-first heap   total 155648K, used 74696K [0x0000000082400000, 0x0000000100000000)
  region size 1024K, 1 young (1024K), 1 survivors (1024K)
 Metaspace       used 7920K, capacity 8045K, committed 8192K, reserved 1056768K
  class space    used 673K, capacity 717K, committed 768K, reserved 1048576K
}
Event: 0.537 GC heap before
{Heap before GC invocations=15 (full 0):
 garbage-first heap   total 155648K, used 77768K [0x0000000082400000, 0x0000000100000000)
  region size 1024K, 3 young (3072K), 1 survivors (1024K)
 Metaspace       used 7920K, capacity 8045K, committed 8192K, reserved 1056768K
  class space    used 673K, capacity 717K, committed 768K, reserved 1048576K
}
Event: 0.539 GC heap after
{Heap after GC invocations=16 (full 0):
 garbage-first heap   total 189440K, used 76715K [0x0000000082400000, 0x0000000100000000)
  region size 1024K, 1 young (1024K), 1 survivors (1024K)
 Metaspace       used 7920K, capacity 8045K, committed 8192K, reserved 1056768K
  class space    used 673K, capacity 717K, committed 768K, reserved 1048576K
}
Event: 0.572 GC heap before
{Heap before GC invocations=17 (full 0):
 garbage-first heap   total 189440K, used 92075K [0x0000000082400000, 0x0000000100000000)
  region size 1024K, 7 young (7168K), 1 survivors (1024K)
 Metaspace       used 7920K, capacity 8045K, committed 8192K, reserved 1056768K
  class space    used 673K, capacity 717K, committed 768K, reserved 1048576K
}
Event: 0.575 GC heap after
{Heap after GC invocations=18 (full 0):
 garbage-first heap   total 189440K, used 87040K [0x0000000082400000, 0x0000000100000000)
  region size 1024K, 1 young (1024K), 1 survivors (1024K)
 Metaspace       used 7920K, capacity 8045K, committed 8192K, reserved 1056768K
  class space    used 673K, capacity 717K, committed 768K, reserved 1048576K
}
Event: 0.583 GC heap before
{Heap before GC invocations=19 (full 0):
 garbage-first heap   total 189440K, used 90112K [0x0000000082400000, 0x0000000100000000)
  region size 1024K, 3 young (3072K), 1 survivors (1024K)
 Metaspace       used 7920K, capacity 8045K, committed 8192K, reserved 1056768K
  class space    used 673K, capacity 717K, committed 768K, reserved 1048576K
}
Event: 0.584 GC heap after
{Heap after GC invocations=20 (full 0):
 garbage-first heap   total 189440K, used 89060K [0x0000000082400000, 0x0000000100000000)
  region size 1024K, 1 young (1024K), 1 survivors (1024K)
 Metaspace       used 7920K, capacity 8045K, committed 8192K, reserved 1056768K
  class space    used 673K, capacity 717K, committed 768K, reserved 1048576K
}
Event: 0.591 GC heap before
{Heap before GC invocations=21 (full 0):
 garbage-first heap   total 189440K, used 92132K [0x0000000082400000, 0x0000000100000000)
  region size 1024K, 3 young (3072K), 1 survivors (1024K)
 Metaspace       used 7920K, capacity 8045K, committed 8192K, reserved 1056768K
  class space    used 673K, capacity 717K, committed 768K, reserved 1048576K
}
Event: 0.593 GC heap after
{Heap after GC invocations=22 (full 0):
 garbage-first heap   total 189440K, used 91136K [0x0000000082400000, 0x0000000100000000)
  region size 1024K, 1 young (1024K), 1 survivors (1024K)
 Metaspace       used 7920K, capacity 8045K, committed 8192K, reserved 1056768K
  class space    used 673K, capacity 717K, committed 768K, reserved 1048576K
}
Event: 0.600 GC heap before
{Heap before GC invocations=23 (full 0):
 garbage-first heap   total 189440K, used 94208K [0x0000000082400000, 0x0000000100000000)
  region size 1024K, 3 young (3072K), 1 survivors (1024K)
 Metaspace       used 7920K, capacity 8045K, committed 8192K, reserved 1056768K
  class space    used 673K, capacity 717K, committed 768K, reserved 1048576K
}
Event: 0.603 GC heap after
{Heap after GC invocations=24 (full 0):
 garbage-first heap   total 352256K, used 93161K [0x0000000082400000, 0x0000000100000000)
  region size 1024K, 1 young (1024K), 1 survivors (1024K)
 Metaspace       used 7920K, capacity 8045K, committed 8192K, reserved 1056768K
  class space    used 673K, capacity 717K, committed 768K, reserved 1048576K
}
Event: 0.772 GC heap before
{Heap before GC invocations=25 (full 0):
 garbage-first heap   total 321536K, used 174057K [0x0000000082400000, 0x0000000100000000)
  region size 1024K, 29 young (29696K), 1 survivors (1024K)
 Metaspace       used 7920K, capacity 8045K, committed 8192K, reserved 1056768K
  class space    used 673K, capacity 717K, committed 768K, reserved 1048576K
}
Event: 0.774 GC heap after
{Heap after GC invocations=26 (full 0):
 garbage-first heap   total 321536K, used 146416K [0x0000000082400000, 0x0000000100000000)
  region size 1024K, 1 young (1024K), 1 survivors (1024K)
 Metaspace       used 7920K, capacity 8045K, committed 8192K, reserved 1056768K
  class space    used 673K, capacity 717K, committed 768K, reserved 1048576K
}
Event: 0.782 GC heap before
{Heap before GC invocations=27 (full 0):
 garbage-first heap   total 321536K, used 149488K [0x0000000082400000, 0x0000000100000000)
  region size 1024K, 3 young (3072K), 1 survivors (1024K)
 Metaspace       used 7920K, capacity 8045K, committed 8192K, reserved 1056768K
  class space    used 673K, capacity 717K, committed 768K, reserved 1048576K
}
Event: 0.783 GC heap after
{Heap after GC invocations=28 (full 0):
 garbage-first heap   total 321536K, used 148473K [0x0000000082400000, 0x0000000100000000)
  region size 1024K, 1 young (1024K), 1 survivors (1024K)
 Metaspace       used 7920K, capacity 8045K, committed 8192K, reserved 1056768K
  class space    used 673K, capacity 717K, committed 768K, reserved 1048576K
}
Event: 0.791 GC heap before
{Heap before GC invocations=29 (full 0):
 garbage-first heap   total 321536K, used 151545K [0x0000000082400000, 0x0000000100000000)
  region size 1024K, 3 young (3072K), 1 survivors (1024K)
 Metaspace       used 7920K, capacity 8045K, committed 8192K, reserved 1056768K
  class space    used 673K, capacity 717K, committed 768K, reserved 1048576K
}
Event: 0.792 GC heap after
{Heap after GC invocations=30 (full 0):
 garbage-first heap   total 321536K, used 150508K [0x0000000082400000, 0x0000000100000000)
  region size 1024K, 1 young (1024K), 1 survivors (1024K)
 Metaspace       used 7920K, capacity 8045K, committed 8192K, reserved 1056768K
  class space    used 673K, capacity 717K, committed 768K, reserved 1048576K
}
Event: 0.798 GC heap before
{Heap before GC invocations=31 (full 0):
 garbage-first heap   total 321536K, used 153580K [0x0000000082400000, 0x0000000100000000)
  region size 1024K, 3 young (3072K), 1 survivors (1024K)
 Metaspace       used 7920K, capacity 8045K, committed 8192K, reserved 1056768K
  class space    used 673K, capacity 717K, committed 768K, reserved 1048576K
}

